<?xml version="1.0" encoding="UTF-8"?>
<!-- Generated by org.testng.reporters.JUnitXMLReporter -->
<testsuite hostname="LAPTOP-QF3TDFOK" ignored="3" name="Command line test" tests="5" failures="0" timestamp="29 Dec 2017 02:12:47 GMT" time="41.271" errors="0">
  <testcase name="CertifyBtnStatusVerification" time="28.837" classname="Testcases.PersonalinformationTest"/>
  <testcase name="SwitchToFrame" time="6.908" classname="Testcases.PersonalinformationTest"/>
  <testcase name="SSNCheckToYes" time="0.113" classname="Testcases.PersonalinformationTest"/>
  <testcase name="MaritalStatusSelect" time="0.207" classname="Testcases.PersonalinformationTest"/>
  <testcase name="EnterDoB" time="5.184" classname="Testcases.PersonalinformationTest"/>
  <testcase name="FirstNameValidationVerification" time="0.0" classname="Testcases.PersonalinformationTest">
    <ignored/>
  </testcase> <!-- FirstNameValidationVerification -->
  <testcase name="CountryOfBirth" time="0.0" classname="Testcases.PersonalinformationTest">
    <ignored/>
  </testcase> <!-- CountryOfBirth -->
  <testcase name="LastNameValidationVerification" time="0.0" classname="Testcases.PersonalinformationTest">
    <ignored/>
  </testcase> <!-- LastNameValidationVerification -->
</testsuite> <!-- Command line test -->
