<?xml version="1.0" encoding="UTF-8"?>
<!-- Generated by org.testng.reporters.JUnitXMLReporter -->
<testsuite hostname="LAPTOP-QF3TDFOK" ignored="0" name="Command line test" tests="3" failures="0" timestamp="13 Dec 2017 01:20:39 GMT" time="32.124" errors="0">
  <testcase name="CertifyBtnStatusVerification" time="19.721" classname="Testcases.PersonaInformationTest"/>
  <testcase name="SwitchToFrame" time="6.953" classname="Testcases.PersonaInformationTest"/>
  <testcase name="FirstNameValidationVerification" time="5.39" classname="Testcases.PersonaInformationTest"/>
</testsuite> <!-- Command line test -->
